# JRE version: OpenJDK Runtime Environment Temurin-21.0.11+10 (21.0.11+10) (build 21.0.11+10-LTS)
# Java VM: OpenJDK 64-Bit Server VM Temurin-21.0.11+10 (21.0.11+10-LTS, mixed mode, sharing, tiered, compressed oops, compressed class ptrs, parallel gc, windows-amd64)
GC Precious Log:
 CardTable entry size: 512
 CPUs: 12 total, 12 available
 Memory: 7877M
 Large Page Support: Disabled
 NUMA Support: Disabled
 Compressed Oops: Enabled (32-bit)
 Alignments: Space 512K, Generation 512K, Heap 2M
 Heap Min Capacity: 100M
 Heap Initial Capacity: 100M
 Heap Max Capacity: 2G
 Pre-touch: Disabled
 Parallel Workers: 10
Heap:
 PSYoungGen      total 7168K, used 6173K [0x00000000d5580000, 0x00000000d6080000, 0x0000000100000000)
  eden space 4608K, 82% used [0x00000000d5580000,0x00000000d5932c80,0x00000000d5a00000)
  from space 2560K, 93% used [0x00000000d5e00000,0x00000000d60549e0,0x00000000d6080000)
  to   space 3072K, 0% used [0x00000000d5a80000,0x00000000d5a80000,0x00000000d5d80000)
 ParOldGen       total 327680K, used 201247K [0x0000000080000000, 0x0000000094000000, 0x00000000d5580000)
  object space 327680K, 61% used [0x0000000080000000,0x000000008c487e68,0x0000000094000000)
 Metaspace       used 86300K, committed 88128K, reserved 1179648K
  class space    used 9171K, committed 9984K, reserved 1048576K
GC Heap History (20 events):
Event: 360.874 GC heap before
{Heap before GC invocations=433 (full 4):
 PSYoungGen      total 3584K, used 3514K [0x00000000d5580000, 0x00000000d5b00000, 0x0000000100000000)
  eden space 2560K, 97% used [0x00000000d5580000,0x00000000d57f0428,0x00000000d5800000)
  from space 1024K, 99% used [0x00000000d5a00000,0x00000000d5afe4b8,0x00000000d5b00000)
  to   space 1536K, 0% used [0x00000000d5800000,0x00000000d5800000,0x00000000d5980000)
 ParOldGen       total 327680K, used 187860K [0x0000000080000000, 0x0000000094000000, 0x00000000d5580000)
  object space 327680K, 57% used [0x0000000080000000,0x000000008b775370,0x0000000094000000)
 Metaspace       used 86264K, committed 88128K, reserved 1179648K
  class space    used 9170K, committed 9984K, reserved 1048576K
}
Event: 360.884 GC heap after
{Heap after GC invocations=433 (full 4):
 PSYoungGen      total 4096K, used 1521K [0x00000000d5580000, 0x00000000d5f80000, 0x0000000100000000)
  eden space 2560K, 0% used [0x00000000d5580000,0x00000000d5580000,0x00000000d5800000)
  from space 1536K, 99% used [0x00000000d5800000,0x00000000d597c608,0x00000000d5980000)
  to   space 3584K, 0% used [0x00000000d5c00000,0x00000000d5c00000,0x00000000d5f80000)
 ParOldGen       total 327680K, used 189397K [0x0000000080000000, 0x0000000094000000, 0x00000000d5580000)
  object space 327680K, 57% used [0x0000000080000000,0x000000008b8f54f8,0x0000000094000000)
 Metaspace       used 86264K, committed 88128K, reserved 1179648K
  class space    used 9170K, committed 9984K, reserved 1048576K
}
Event: 360.894 GC heap before
{Heap before GC invocations=434 (full 4):
 PSYoungGen      total 4096K, used 3227K [0x00000000d5580000, 0x00000000d5f80000, 0x0000000100000000)
  eden space 2560K, 66% used [0x00000000d5580000,0x00000000d572a6c0,0x00000000d5800000)
  from space 1536K, 99% used [0x00000000d5800000,0x00000000d597c608,0x00000000d5980000)
  to   space 3584K, 0% used [0x00000000d5c00000,0x00000000d5c00000,0x00000000d5f80000)
 ParOldGen       total 327680K, used 189397K [0x0000000080000000, 0x0000000094000000, 0x00000000d5580000)
  object space 327680K, 57% used [0x0000000080000000,0x000000008b8f54f8,0x0000000094000000)
 Metaspace       used 86264K, committed 88128K, reserved 1179648K
  class space    used 9170K, committed 9984K, reserved 1048576K
}
Event: 360.903 GC heap after
{Heap after GC invocations=434 (full 4):
 PSYoungGen      total 5120K, used 1644K [0x00000000d5580000, 0x00000000d5e00000, 0x0000000100000000)
  eden space 3072K, 0% used [0x00000000d5580000,0x00000000d5580000,0x00000000d5880000)
  from space 2048K, 80% used [0x00000000d5c00000,0x00000000d5d9b068,0x00000000d5e00000)
  to   space 2560K, 0% used [0x00000000d5900000,0x00000000d5900000,0x00000000d5b80000)
 ParOldGen       total 327680K, used 190949K [0x0000000080000000, 0x0000000094000000, 0x00000000d5580000)
  object space 327680K, 58% used [0x0000000080000000,0x000000008ba794b8,0x0000000094000000)
 Metaspace       used 86264K, committed 88128K, reserved 1179648K
  class space    used 9170K, committed 9984K, reserved 1048576K
}
Event: 360.916 GC heap before
{Heap before GC invocations=435 (full 4):
 PSYoungGen      total 5120K, used 4658K [0x00000000d5580000, 0x00000000d5e00000, 0x0000000100000000)
  eden space 3072K, 98% used [0x00000000d5580000,0x00000000d58718e8,0x00000000d5880000)
  from space 2048K, 80% used [0x00000000d5c00000,0x00000000d5d9b068,0x00000000d5e00000)
  to   space 2560K, 0% used [0x00000000d5900000,0x00000000d5900000,0x00000000d5b80000)
 ParOldGen       total 327680K, used 190949K [0x0000000080000000, 0x0000000094000000, 0x00000000d5580000)
  object space 327680K, 58% used [0x0000000080000000,0x000000008ba794b8,0x0000000094000000)
 Metaspace       used 86264K, committed 88128K, reserved 1179648K
  class space    used 9170K, committed 9984K, reserved 1048576K
}
Event: 360.920 GC heap after
{Heap after GC invocations=435 (full 4):
 PSYoungGen      total 6144K, used 2532K [0x00000000d5580000, 0x00000000d6280000, 0x0000000100000000)
  eden space 3584K, 0% used [0x00000000d5580000,0x00000000d5580000,0x00000000d5900000)
  from space 2560K, 98% used [0x00000000d5900000,0x00000000d5b79220,0x00000000d5b80000)
  to   space 4608K, 0% used [0x00000000d5e00000,0x00000000d5e00000,0x00000000d6280000)
 ParOldGen       total 327680K, used 192500K [0x0000000080000000, 0x0000000094000000, 0x00000000d5580000)
  object space 327680K, 58% used [0x0000000080000000,0x000000008bbfd118,0x0000000094000000)
 Metaspace       used 86264K, committed 88128K, reserved 1179648K
  class space    used 9170K, committed 9984K, reserved 1048576K
}
Event: 545.121 GC heap before
{Heap before GC invocations=436 (full 4):
 PSYoungGen      total 6144K, used 6116K [0x00000000d5580000, 0x00000000d6280000, 0x0000000100000000)
  eden space 3584K, 100% used [0x00000000d5580000,0x00000000d5900000,0x00000000d5900000)
  from space 2560K, 98% used [0x00000000d5900000,0x00000000d5b79220,0x00000000d5b80000)
  to   space 4608K, 0% used [0x00000000d5e00000,0x00000000d5e00000,0x00000000d6280000)
 ParOldGen       total 327680K, used 192500K [0x0000000080000000, 0x0000000094000000, 0x00000000d5580000)
  object space 327680K, 58% used [0x0000000080000000,0x000000008bbfd118,0x0000000094000000)
 Metaspace       used 86275K, committed 88128K, reserved 1179648K
  class space    used 9171K, committed 9984K, reserved 1048576K
}
Event: 545.506 GC heap after
{Heap after GC invocations=436 (full 4):
 PSYoungGen      total 5120K, used 320K [0x00000000d5580000, 0x00000000d5e80000, 0x0000000100000000)
  eden space 4608K, 0% used [0x00000000d5580000,0x00000000d5580000,0x00000000d5a00000)
  from space 512K, 62% used [0x00000000d5e00000,0x00000000d5e50000,0x00000000d5e80000)
  to   space 2048K, 0% used [0x00000000d5a80000,0x00000000d5a80000,0x00000000d5c80000)
 ParOldGen       total 327680K, used 192684K [0x0000000080000000, 0x0000000094000000, 0x00000000d5580000)
  object space 327680K, 58% used [0x0000000080000000,0x000000008bc2b128,0x0000000094000000)
 Metaspace       used 86275K, committed 88128K, reserved 1179648K
  class space    used 9171K, committed 9984K, reserved 1048576K
}
Event: 547.255 GC heap before
{Heap before GC invocations=437 (full 4):
 PSYoungGen      total 5120K, used 4927K [0x00000000d5580000, 0x00000000d5e80000, 0x0000000100000000)
  eden space 4608K, 99% used [0x00000000d5580000,0x00000000d59fffd0,0x00000000d5a00000)
  from space 512K, 62% used [0x00000000d5e00000,0x00000000d5e50000,0x00000000d5e80000)
  to   space 2048K, 0% used [0x00000000d5a80000,0x00000000d5a80000,0x00000000d5c80000)
 ParOldGen       total 327680K, used 192684K [0x0000000080000000, 0x0000000094000000, 0x00000000d5580000)
  object space 327680K, 58% used [0x0000000080000000,0x000000008bc2b128,0x0000000094000000)
 Metaspace       used 86276K, committed 88128K, reserved 1179648K
  class space    used 9171K, committed 9984K, reserved 1048576K
}
Event: 547.263 GC heap after
{Heap after GC invocations=437 (full 4):
 PSYoungGen      total 6656K, used 2028K [0x00000000d5580000, 0x00000000d5f00000, 0x0000000100000000)
  eden space 4608K, 0% used [0x00000000d5580000,0x00000000d5580000,0x00000000d5a00000)
  from space 2048K, 99% used [0x00000000d5a80000,0x00000000d5c7b2e0,0x00000000d5c80000)
  to   space 2560K, 0% used [0x00000000d5c80000,0x00000000d5c80000,0x00000000d5f00000)
 ParOldGen       total 327680K, used 192804K [0x0000000080000000, 0x0000000094000000, 0x00000000d5580000)
  object space 327680K, 58% used [0x0000000080000000,0x000000008bc49128,0x0000000094000000)
 Metaspace       used 86276K, committed 88128K, reserved 1179648K
  class space    used 9171K, committed 9984K, reserved 1048576K
}
Event: 547.790 GC heap before
{Heap before GC invocations=438 (full 4):
 PSYoungGen      total 6656K, used 6574K [0x00000000d5580000, 0x00000000d5f00000, 0x0000000100000000)
  eden space 4608K, 98% used [0x00000000d5580000,0x00000000d59f0598,0x00000000d5a00000)
  from space 2048K, 99% used [0x00000000d5a80000,0x00000000d5c7b2e0,0x00000000d5c80000)
  to   space 2560K, 0% used [0x00000000d5c80000,0x00000000d5c80000,0x00000000d5f00000)
 ParOldGen       total 327680K, used 192804K [0x0000000080000000, 0x0000000094000000, 0x00000000d5580000)
  object space 327680K, 58% used [0x0000000080000000,0x000000008bc49128,0x0000000094000000)
 Metaspace       used 86276K, committed 88128K, reserved 1179648K
  class space    used 9171K, committed 9984K, reserved 1048576K
}
Event: 547.806 GC heap after
{Heap after GC invocations=438 (full 4):
 PSYoungGen      total 5632K, used 570K [0x00000000d5580000, 0x00000000d5d80000, 0x0000000100000000)
  eden space 4608K, 0% used [0x00000000d5580000,0x00000000d5580000,0x00000000d5a00000)
  from space 1024K, 55% used [0x00000000d5c80000,0x00000000d5d0e900,0x00000000d5d80000)
  to   space 1536K, 0% used [0x00000000d5a80000,0x00000000d5a80000,0x00000000d5c00000)
 ParOldGen       total 327680K, used 192900K [0x0000000080000000, 0x0000000094000000, 0x00000000d5580000)
  object space 327680K, 58% used [0x0000000080000000,0x000000008bc61128,0x0000000094000000)
 Metaspace       used 86276K, committed 88128K, reserved 1179648K
  class space    used 9171K, committed 9984K, reserved 1048576K
}
Event: 548.653 GC heap before
{Heap before GC invocations=439 (full 4):
 PSYoungGen      total 5632K, used 5178K [0x00000000d5580000, 0x00000000d5d80000, 0x0000000100000000)
  eden space 4608K, 100% used [0x00000000d5580000,0x00000000d5a00000,0x00000000d5a00000)
  from space 1024K, 55% used [0x00000000d5c80000,0x00000000d5d0e900,0x00000000d5d80000)
  to   space 1536K, 0% used [0x00000000d5a80000,0x00000000d5a80000,0x00000000d5c00000)
 ParOldGen       total 327680K, used 192900K [0x0000000080000000, 0x0000000094000000, 0x00000000d5580000)
  object space 327680K, 58% used [0x0000000080000000,0x000000008bc61128,0x0000000094000000)
 Metaspace       used 86276K, committed 88128K, reserved 1179648K
  class space    used 9171K, committed 9984K, reserved 1048576K
}
Event: 548.667 GC heap after
{Heap after GC invocations=439 (full 4):
 PSYoungGen      total 6144K, used 1534K [0x00000000d5580000, 0x00000000d6400000, 0x0000000100000000)
  eden space 4608K, 0% used [0x00000000d5580000,0x00000000d5580000,0x00000000d5a00000)
  from space 1536K, 99% used [0x00000000d5a80000,0x00000000d5bff900,0x00000000d5c00000)
  to   space 5120K, 0% used [0x00000000d5f00000,0x00000000d5f00000,0x00000000d6400000)
 ParOldGen       total 327680K, used 195727K [0x0000000080000000, 0x0000000094000000, 0x00000000d5580000)
  object space 327680K, 59% used [0x0000000080000000,0x000000008bf23d48,0x0000000094000000)
 Metaspace       used 86276K, committed 88128K, reserved 1179648K
  class space    used 9171K, committed 9984K, reserved 1048576K
}
Event: 549.172 GC heap before
{Heap before GC invocations=440 (full 4):
 PSYoungGen      total 6144K, used 6142K [0x00000000d5580000, 0x00000000d6400000, 0x0000000100000000)
  eden space 4608K, 99% used [0x00000000d5580000,0x00000000d59fffe8,0x00000000d5a00000)
  from space 1536K, 99% used [0x00000000d5a80000,0x00000000d5bff900,0x00000000d5c00000)
  to   space 5120K, 0% used [0x00000000d5f00000,0x00000000d5f00000,0x00000000d6400000)
 ParOldGen       total 327680K, used 195727K [0x0000000080000000, 0x0000000094000000, 0x00000000d5580000)
  object space 327680K, 59% used [0x0000000080000000,0x000000008bf23d48,0x0000000094000000)
 Metaspace       used 86276K, committed 88128K, reserved 1179648K
  class space    used 9171K, committed 9984K, reserved 1048576K
}
Event: 549.197 GC heap after
{Heap after GC invocations=440 (full 4):
 PSYoungGen      total 8704K, used 3950K [0x00000000d5580000, 0x00000000d6300000, 0x0000000100000000)
  eden space 4608K, 0% used [0x00000000d5580000,0x00000000d5580000,0x00000000d5a00000)
  from space 4096K, 96% used [0x00000000d5f00000,0x00000000d62dbb50,0x00000000d6300000)
  to   space 4096K, 0% used [0x00000000d5b00000,0x00000000d5b00000,0x00000000d5f00000)
 ParOldGen       total 327680K, used 197299K [0x0000000080000000, 0x0000000094000000, 0x00000000d5580000)
  object space 327680K, 60% used [0x0000000080000000,0x000000008c0ace30,0x0000000094000000)
 Metaspace       used 86276K, committed 88128K, reserved 1179648K
  class space    used 9171K, committed 9984K, reserved 1048576K
}
Event: 549.259 GC heap before
{Heap before GC invocations=441 (full 4):
 PSYoungGen      total 8704K, used 8558K [0x00000000d5580000, 0x00000000d6300000, 0x0000000100000000)
  eden space 4608K, 100% used [0x00000000d5580000,0x00000000d5a00000,0x00000000d5a00000)
  from space 4096K, 96% used [0x00000000d5f00000,0x00000000d62dbb50,0x00000000d6300000)
  to   space 4096K, 0% used [0x00000000d5b00000,0x00000000d5b00000,0x00000000d5f00000)
 ParOldGen       total 327680K, used 197299K [0x0000000080000000, 0x0000000094000000, 0x00000000d5580000)
  object space 327680K, 60% used [0x0000000080000000,0x000000008c0ace30,0x0000000094000000)
 Metaspace       used 86276K, committed 88128K, reserved 1179648K
  class space    used 9171K, committed 9984K, reserved 1048576K
}
Event: 549.286 GC heap after
{Heap after GC invocations=441 (full 4):
 PSYoungGen      total 7680K, used 2731K [0x00000000d5580000, 0x00000000d6100000, 0x0000000100000000)
  eden space 4608K, 0% used [0x00000000d5580000,0x00000000d5580000,0x00000000d5a00000)
  from space 3072K, 88% used [0x00000000d5b00000,0x00000000d5daadf8,0x00000000d5e00000)
  to   space 3072K, 0% used [0x00000000d5e00000,0x00000000d5e00000,0x00000000d6100000)
 ParOldGen       total 327680K, used 201050K [0x0000000080000000, 0x0000000094000000, 0x00000000d5580000)
  object space 327680K, 61% used [0x0000000080000000,0x000000008c4568a8,0x0000000094000000)
 Metaspace       used 86276K, committed 88128K, reserved 1179648K
  class space    used 9171K, committed 9984K, reserved 1048576K
}
Event: 549.453 GC heap before
{Heap before GC invocations=442 (full 4):
 PSYoungGen      total 7680K, used 7339K [0x00000000d5580000, 0x00000000d6100000, 0x0000000100000000)
  eden space 4608K, 100% used [0x00000000d5580000,0x00000000d5a00000,0x00000000d5a00000)
  from space 3072K, 88% used [0x00000000d5b00000,0x00000000d5daadf8,0x00000000d5e00000)
  to   space 3072K, 0% used [0x00000000d5e00000,0x00000000d5e00000,0x00000000d6100000)
 ParOldGen       total 327680K, used 201050K [0x0000000080000000, 0x0000000094000000, 0x00000000d5580000)
  object space 327680K, 61% used [0x0000000080000000,0x000000008c4568a8,0x0000000094000000)
 Metaspace       used 86276K, committed 88128K, reserved 1179648K
  class space    used 9171K, committed 9984K, reserved 1048576K
}
Event: 549.457 GC heap after
{Heap after GC invocations=442 (full 4):
 PSYoungGen      total 7168K, used 2386K [0x00000000d5580000, 0x00000000d6080000, 0x0000000100000000)
  eden space 4608K, 0% used [0x00000000d5580000,0x00000000d5580000,0x00000000d5a00000)
  from space 2560K, 93% used [0x00000000d5e00000,0x00000000d60549e0,0x00000000d6080000)
  to   space 3072K, 0% used [0x00000000d5a80000,0x00000000d5a80000,0x00000000d5d80000)
 ParOldGen       total 327680K, used 201247K [0x0000000080000000, 0x0000000094000000, 0x00000000d5580000)
  object space 327680K, 61% used [0x0000000080000000,0x000000008c487e68,0x0000000094000000)
 Metaspace       used 86276K, committed 88128K, reserved 1179648K
  class space    used 9171K, committed 9984K, reserved 1048576K
}

