# JRE version: OpenJDK Runtime Environment Temurin-21.0.11+10 (21.0.11+10) (build 21.0.11+10-LTS)
# Java VM: OpenJDK 64-Bit Server VM Temurin-21.0.11+10 (21.0.11+10-LTS, mixed mode, sharing, tiered, compressed oops, compressed class ptrs, g1 gc, windows-amd64)
GC Precious Log:
 CardTable entry size: 512
 Card Set container configuration: InlinePtr #cards 5 size 8 Array Of Cards #cards 12 size 40 Howl #buckets 4 coarsen threshold 1843 Howl Bitmap #cards 512 size 80 coarsen threshold 460 Card regions per heap region 1 cards per card region 2048
 CPUs: 12 total, 12 available
 Memory: 7877M
 Large Page Support: Disabled
 NUMA Support: Disabled
 Compressed Oops: Enabled (32-bit)
 Heap Region Size: 1M
 Heap Min Capacity: 8M
 Heap Initial Capacity: 124M
 Heap Max Capacity: 1970M
 Pre-touch: Disabled
 Parallel Workers: 10
 Concurrent Workers: 3
 Concurrent Refinement Workers: 10
 Periodic GC: Disabled
Heap:
 garbage-first heap   total 97280K, used 66620K [0x0000000084e00000, 0x0000000100000000)
  region size 1024K, 24 young (24576K), 1 survivors (1024K)
 Metaspace       used 95032K, committed 95936K, reserved 1179648K
  class space    used 12812K, committed 13184K, reserved 1048576K
GC Heap History (20 events):
Event: 76.226 GC heap before
{Heap before GC invocations=18 (full 0):
 garbage-first heap   total 80896K, used 70950K [0x0000000084e00000, 0x0000000100000000)
  region size 1024K, 31 young (31744K), 5 survivors (5120K)
 Metaspace       used 90508K, committed 91328K, reserved 1179648K
  class space    used 12382K, committed 12736K, reserved 1048576K
}
Event: 76.232 GC heap after
{Heap after GC invocations=19 (full 0):
 garbage-first heap   total 80896K, used 46178K [0x0000000084e00000, 0x0000000100000000)
  region size 1024K, 4 young (4096K), 4 survivors (4096K)
 Metaspace       used 90508K, committed 91328K, reserved 1179648K
  class space    used 12382K, committed 12736K, reserved 1048576K
}
Event: 616.294 GC heap before
{Heap before GC invocations=19 (full 0):
 garbage-first heap   total 80896K, used 69730K [0x0000000084e00000, 0x0000000100000000)
  region size 1024K, 28 young (28672K), 4 survivors (4096K)
 Metaspace       used 91026K, committed 91968K, reserved 1179648K
  class space    used 12383K, committed 12800K, reserved 1048576K
}
Event: 621.321 GC heap after
{Heap after GC invocations=20 (full 0):
 garbage-first heap   total 80896K, used 45683K [0x0000000084e00000, 0x0000000100000000)
  region size 1024K, 1 young (1024K), 1 survivors (1024K)
 Metaspace       used 91026K, committed 91968K, reserved 1179648K
  class space    used 12383K, committed 12800K, reserved 1048576K
}
Event: 1053.586 GC heap before
{Heap before GC invocations=20 (full 0):
 garbage-first heap   total 80896K, used 71283K [0x0000000084e00000, 0x0000000100000000)
  region size 1024K, 27 young (27648K), 1 survivors (1024K)
 Metaspace       used 94528K, committed 95424K, reserved 1179648K
  class space    used 12802K, committed 13184K, reserved 1048576K
}
Event: 1053.792 GC heap after
{Heap after GC invocations=21 (full 0):
 garbage-first heap   total 80896K, used 46245K [0x0000000084e00000, 0x0000000100000000)
  region size 1024K, 2 young (2048K), 2 survivors (2048K)
 Metaspace       used 94528K, committed 95424K, reserved 1179648K
  class space    used 12802K, committed 13184K, reserved 1048576K
}
Event: 1084.186 GC heap before
{Heap before GC invocations=22 (full 0):
 garbage-first heap   total 80896K, used 47269K [0x0000000084e00000, 0x0000000100000000)
  region size 1024K, 3 young (3072K), 2 survivors (2048K)
 Metaspace       used 94536K, committed 95424K, reserved 1179648K
  class space    used 12802K, committed 13184K, reserved 1048576K
}
Event: 1084.234 GC heap after
{Heap after GC invocations=23 (full 0):
 garbage-first heap   total 97280K, used 46157K [0x0000000084e00000, 0x0000000100000000)
  region size 1024K, 1 young (1024K), 1 survivors (1024K)
 Metaspace       used 94536K, committed 95424K, reserved 1179648K
  class space    used 12802K, committed 13184K, reserved 1048576K
}
Event: 1148.503 GC heap before
{Heap before GC invocations=23 (full 0):
 garbage-first heap   total 97280K, used 49229K [0x0000000084e00000, 0x0000000100000000)
  region size 1024K, 4 young (4096K), 1 survivors (1024K)
 Metaspace       used 94580K, committed 95424K, reserved 1179648K
  class space    used 12802K, committed 13184K, reserved 1048576K
}
Event: 1149.820 GC heap after
{Heap after GC invocations=24 (full 0):
 garbage-first heap   total 97280K, used 45721K [0x0000000084e00000, 0x0000000100000000)
  region size 1024K, 1 young (1024K), 1 survivors (1024K)
 Metaspace       used 94580K, committed 95424K, reserved 1179648K
  class space    used 12802K, committed 13184K, reserved 1048576K
}
Event: 1220.607 GC heap before
{Heap before GC invocations=24 (full 0):
 garbage-first heap   total 97280K, used 48793K [0x0000000084e00000, 0x0000000100000000)
  region size 1024K, 4 young (4096K), 1 survivors (1024K)
 Metaspace       used 94606K, committed 95488K, reserved 1179648K
  class space    used 12802K, committed 13184K, reserved 1048576K
}
Event: 1220.736 GC heap after
{Heap after GC invocations=25 (full 0):
 garbage-first heap   total 97280K, used 45510K [0x0000000084e00000, 0x0000000100000000)
  region size 1024K, 1 young (1024K), 1 survivors (1024K)
 Metaspace       used 94606K, committed 95488K, reserved 1179648K
  class space    used 12802K, committed 13184K, reserved 1048576K
}
Event: 1281.170 GC heap before
{Heap before GC invocations=25 (full 0):
 garbage-first heap   total 97280K, used 48582K [0x0000000084e00000, 0x0000000100000000)
  region size 1024K, 4 young (4096K), 1 survivors (1024K)
 Metaspace       used 94636K, committed 95488K, reserved 1179648K
  class space    used 12802K, committed 13184K, reserved 1048576K
}
Event: 1281.254 GC heap after
{Heap after GC invocations=26 (full 0):
 garbage-first heap   total 97280K, used 45555K [0x0000000084e00000, 0x0000000100000000)
  region size 1024K, 1 young (1024K), 1 survivors (1024K)
 Metaspace       used 94636K, committed 95488K, reserved 1179648K
  class space    used 12802K, committed 13184K, reserved 1048576K
}
Event: 1341.525 GC heap before
{Heap before GC invocations=27 (full 0):
 garbage-first heap   total 97280K, used 47603K [0x0000000084e00000, 0x0000000100000000)
  region size 1024K, 4 young (4096K), 1 survivors (1024K)
 Metaspace       used 94661K, committed 95552K, reserved 1179648K
  class space    used 12802K, committed 13184K, reserved 1048576K
}
Event: 1341.560 GC heap after
{Heap after GC invocations=28 (full 0):
 garbage-first heap   total 97280K, used 45445K [0x0000000084e00000, 0x0000000100000000)
  region size 1024K, 1 young (1024K), 1 survivors (1024K)
 Metaspace       used 94661K, committed 95552K, reserved 1179648K
  class space    used 12802K, committed 13184K, reserved 1048576K
}
Event: 1373.012 GC heap before
{Heap before GC invocations=28 (full 0):
 garbage-first heap   total 97280K, used 48517K [0x0000000084e00000, 0x0000000100000000)
  region size 1024K, 4 young (4096K), 1 survivors (1024K)
 Metaspace       used 94723K, committed 95616K, reserved 1179648K
  class space    used 12808K, committed 13184K, reserved 1048576K
}
Event: 1373.050 GC heap after
{Heap after GC invocations=29 (full 0):
 garbage-first heap   total 97280K, used 45250K [0x0000000084e00000, 0x0000000100000000)
  region size 1024K, 1 young (1024K), 1 survivors (1024K)
 Metaspace       used 94723K, committed 95616K, reserved 1179648K
  class space    used 12808K, committed 13184K, reserved 1048576K
}
Event: 1435.163 GC heap before
{Heap before GC invocations=29 (full 0):
 garbage-first heap   total 97280K, used 48322K [0x0000000084e00000, 0x0000000100000000)
  region size 1024K, 4 young (4096K), 1 survivors (1024K)
 Metaspace       used 94787K, committed 95680K, reserved 1179648K
  class space    used 12810K, committed 13184K, reserved 1048576K
}
Event: 1435.211 GC heap after
{Heap after GC invocations=30 (full 0):
 garbage-first heap   total 97280K, used 45116K [0x0000000084e00000, 0x0000000100000000)
  region size 1024K, 1 young (1024K), 1 survivors (1024K)
 Metaspace       used 94787K, committed 95680K, reserved 1179648K
  class space    used 12810K, committed 13184K, reserved 1048576K
}

