# JRE version: OpenJDK Runtime Environment Temurin-21.0.11+10 (21.0.11+10) (build 21.0.11+10-LTS)
# Java VM: OpenJDK 64-Bit Server VM Temurin-21.0.11+10 (21.0.11+10-LTS, mixed mode, sharing, tiered, compressed oops, compressed class ptrs, parallel gc, windows-amd64)
GC Precious Log:
 CardTable entry size: 512
 CPUs: 12 total, 12 available
 Memory: 7877M
 Large Page Support: Disabled
 NUMA Support: Disabled
 Compressed Oops: Enabled (32-bit)
 Alignments: Space 512K, Generation 512K, Heap 2M
 Heap Min Capacity: 100M
 Heap Initial Capacity: 100M
 Heap Max Capacity: 2G
 Pre-touch: Disabled
 Parallel Workers: 10
Heap:
 PSYoungGen      total 14848K, used 13519K [0x00000000d5580000, 0x00000000d6a00000, 0x0000000100000000)
  eden space 14336K, 90% used [0x00000000d5580000,0x00000000d6233c18,0x00000000d6380000)
  from space 512K, 100% used [0x00000000d6380000,0x00000000d6400000,0x00000000d6400000)
  to   space 2560K, 0% used [0x00000000d6780000,0x00000000d6780000,0x00000000d6a00000)
 ParOldGen       total 68608K, used 38530K [0x0000000080000000, 0x0000000084300000, 0x00000000d5580000)
  object space 68608K, 56% used [0x0000000080000000,0x00000000825a0b00,0x0000000084300000)
 Metaspace       used 61561K, committed 62912K, reserved 1114112K
  class space    used 6645K, committed 7232K, reserved 1048576K
GC Heap History (20 events):
Event: 48.689 GC heap before
{Heap before GC invocations=29 (full 2):
 PSYoungGen      total 21504K, used 21196K [0x00000000d5580000, 0x00000000d6d80000, 0x0000000100000000)
  eden space 18944K, 100% used [0x00000000d5580000,0x00000000d6800000,0x00000000d6800000)
  from space 2560K, 87% used [0x00000000d6b00000,0x00000000d6d33008,0x00000000d6d80000)
  to   space 2560K, 0% used [0x00000000d6880000,0x00000000d6880000,0x00000000d6b00000)
 ParOldGen       total 68608K, used 41865K [0x0000000080000000, 0x0000000084300000, 0x00000000d5580000)
  object space 68608K, 61% used [0x0000000080000000,0x00000000828e2410,0x0000000084300000)
 Metaspace       used 55335K, committed 56576K, reserved 1114112K
  class space    used 6027K, committed 6528K, reserved 1048576K
}
Event: 48.694 GC heap after
{Heap after GC invocations=29 (full 2):
 PSYoungGen      total 21504K, used 2328K [0x00000000d5580000, 0x00000000d6d00000, 0x0000000100000000)
  eden space 18944K, 0% used [0x00000000d5580000,0x00000000d5580000,0x00000000d6800000)
  from space 2560K, 90% used [0x00000000d6880000,0x00000000d6ac6008,0x00000000d6b00000)
  to   space 2048K, 0% used [0x00000000d6b00000,0x00000000d6b00000,0x00000000d6d00000)
 ParOldGen       total 68608K, used 43783K [0x0000000080000000, 0x0000000084300000, 0x00000000d5580000)
  object space 68608K, 63% used [0x0000000080000000,0x0000000082ac1f18,0x0000000084300000)
 Metaspace       used 55335K, committed 56576K, reserved 1114112K
  class space    used 6027K, committed 6528K, reserved 1048576K
}
Event: 48.929 GC heap before
{Heap before GC invocations=30 (full 2):
 PSYoungGen      total 21504K, used 21272K [0x00000000d5580000, 0x00000000d6d00000, 0x0000000100000000)
  eden space 18944K, 100% used [0x00000000d5580000,0x00000000d6800000,0x00000000d6800000)
  from space 2560K, 90% used [0x00000000d6880000,0x00000000d6ac6008,0x00000000d6b00000)
  to   space 2048K, 0% used [0x00000000d6b00000,0x00000000d6b00000,0x00000000d6d00000)
 ParOldGen       total 68608K, used 43783K [0x0000000080000000, 0x0000000084300000, 0x00000000d5580000)
  object space 68608K, 63% used [0x0000000080000000,0x0000000082ac1f18,0x0000000084300000)
 Metaspace       used 55526K, committed 56768K, reserved 1114112K
  class space    used 6044K, committed 6528K, reserved 1048576K
}
Event: 48.933 GC heap after
{Heap after GC invocations=30 (full 2):
 PSYoungGen      total 20992K, used 1992K [0x00000000d5580000, 0x00000000d6d00000, 0x0000000100000000)
  eden space 18944K, 0% used [0x00000000d5580000,0x00000000d5580000,0x00000000d6800000)
  from space 2048K, 97% used [0x00000000d6b00000,0x00000000d6cf2028,0x00000000d6d00000)
  to   space 2560K, 0% used [0x00000000d6800000,0x00000000d6800000,0x00000000d6a80000)
 ParOldGen       total 68608K, used 45959K [0x0000000080000000, 0x0000000084300000, 0x00000000d5580000)
  object space 68608K, 66% used [0x0000000080000000,0x0000000082ce1f20,0x0000000084300000)
 Metaspace       used 55526K, committed 56768K, reserved 1114112K
  class space    used 6044K, committed 6528K, reserved 1048576K
}
Event: 49.581 GC heap before
{Heap before GC invocations=31 (full 2):
 PSYoungGen      total 20992K, used 20936K [0x00000000d5580000, 0x00000000d6d00000, 0x0000000100000000)
  eden space 18944K, 100% used [0x00000000d5580000,0x00000000d6800000,0x00000000d6800000)
  from space 2048K, 97% used [0x00000000d6b00000,0x00000000d6cf2028,0x00000000d6d00000)
  to   space 2560K, 0% used [0x00000000d6800000,0x00000000d6800000,0x00000000d6a80000)
 ParOldGen       total 68608K, used 45959K [0x0000000080000000, 0x0000000084300000, 0x00000000d5580000)
  object space 68608K, 66% used [0x0000000080000000,0x0000000082ce1f20,0x0000000084300000)
 Metaspace       used 56135K, committed 57472K, reserved 1114112K
  class space    used 6109K, committed 6720K, reserved 1048576K
}
Event: 49.584 GC heap after
{Heap after GC invocations=31 (full 2):
 PSYoungGen      total 21504K, used 2549K [0x00000000d5580000, 0x00000000d7200000, 0x0000000100000000)
  eden space 18944K, 0% used [0x00000000d5580000,0x00000000d5580000,0x00000000d6800000)
  from space 2560K, 99% used [0x00000000d6800000,0x00000000d6a7d6f0,0x00000000d6a80000)
  to   space 5120K, 0% used [0x00000000d6d00000,0x00000000d6d00000,0x00000000d7200000)
 ParOldGen       total 68608K, used 47935K [0x0000000080000000, 0x0000000084300000, 0x00000000d5580000)
  object space 68608K, 69% used [0x0000000080000000,0x0000000082ecfff8,0x0000000084300000)
 Metaspace       used 56135K, committed 57472K, reserved 1114112K
  class space    used 6109K, committed 6720K, reserved 1048576K
}
Event: 52.155 GC heap before
{Heap before GC invocations=32 (full 2):
 PSYoungGen      total 21504K, used 21441K [0x00000000d5580000, 0x00000000d7200000, 0x0000000100000000)
  eden space 18944K, 99% used [0x00000000d5580000,0x00000000d67f2d50,0x00000000d6800000)
  from space 2560K, 99% used [0x00000000d6800000,0x00000000d6a7d6f0,0x00000000d6a80000)
  to   space 5120K, 0% used [0x00000000d6d00000,0x00000000d6d00000,0x00000000d7200000)
 ParOldGen       total 68608K, used 47935K [0x0000000080000000, 0x0000000084300000, 0x00000000d5580000)
  object space 68608K, 69% used [0x0000000080000000,0x0000000082ecfff8,0x0000000084300000)
 Metaspace       used 56913K, committed 58240K, reserved 1114112K
  class space    used 6227K, committed 6784K, reserved 1048576K
}
Event: 52.158 GC heap after
{Heap after GC invocations=32 (full 2):
 PSYoungGen      total 19968K, used 922K [0x00000000d5580000, 0x00000000d6e00000, 0x0000000100000000)
  eden space 18944K, 0% used [0x00000000d5580000,0x00000000d5580000,0x00000000d6800000)
  from space 1024K, 90% used [0x00000000d6d00000,0x00000000d6de6810,0x00000000d6e00000)
  to   space 2560K, 0% used [0x00000000d6900000,0x00000000d6900000,0x00000000d6b80000)
 ParOldGen       total 68608K, used 49980K [0x0000000080000000, 0x0000000084300000, 0x00000000d5580000)
  object space 68608K, 72% used [0x0000000080000000,0x00000000830cf3a0,0x0000000084300000)
 Metaspace       used 56913K, committed 58240K, reserved 1114112K
  class space    used 6227K, committed 6784K, reserved 1048576K
}
Event: 54.301 GC heap before
{Heap before GC invocations=33 (full 2):
 PSYoungGen      total 19968K, used 19866K [0x00000000d5580000, 0x00000000d6e00000, 0x0000000100000000)
  eden space 18944K, 100% used [0x00000000d5580000,0x00000000d6800000,0x00000000d6800000)
  from space 1024K, 90% used [0x00000000d6d00000,0x00000000d6de6810,0x00000000d6e00000)
  to   space 2560K, 0% used [0x00000000d6900000,0x00000000d6900000,0x00000000d6b80000)
 ParOldGen       total 68608K, used 49980K [0x0000000080000000, 0x0000000084300000, 0x00000000d5580000)
  object space 68608K, 72% used [0x0000000080000000,0x00000000830cf3a0,0x0000000084300000)
 Metaspace       used 57976K, committed 59264K, reserved 1114112K
  class space    used 6329K, committed 6912K, reserved 1048576K
}
Event: 54.304 GC heap after
{Heap after GC invocations=33 (full 2):
 PSYoungGen      total 21504K, used 1535K [0x00000000d5580000, 0x00000000d6d80000, 0x0000000100000000)
  eden space 18944K, 0% used [0x00000000d5580000,0x00000000d5580000,0x00000000d6800000)
  from space 2560K, 59% used [0x00000000d6900000,0x00000000d6a7fd90,0x00000000d6b80000)
  to   space 2048K, 0% used [0x00000000d6b80000,0x00000000d6b80000,0x00000000d6d80000)
 ParOldGen       total 68608K, used 50735K [0x0000000080000000, 0x0000000084300000, 0x00000000d5580000)
  object space 68608K, 73% used [0x0000000080000000,0x000000008318bd18,0x0000000084300000)
 Metaspace       used 57976K, committed 59264K, reserved 1114112K
  class space    used 6329K, committed 6912K, reserved 1048576K
}
Event: 56.016 GC heap before
{Heap before GC invocations=34 (full 2):
 PSYoungGen      total 21504K, used 10425K [0x00000000d5580000, 0x00000000d6d80000, 0x0000000100000000)
  eden space 18944K, 46% used [0x00000000d5580000,0x00000000d5e2e958,0x00000000d6800000)
  from space 2560K, 59% used [0x00000000d6900000,0x00000000d6a7fd90,0x00000000d6b80000)
  to   space 2048K, 0% used [0x00000000d6b80000,0x00000000d6b80000,0x00000000d6d80000)
 ParOldGen       total 68608K, used 50735K [0x0000000080000000, 0x0000000084300000, 0x00000000d5580000)
  object space 68608K, 73% used [0x0000000080000000,0x000000008318bd18,0x0000000084300000)
 Metaspace       used 58518K, committed 59776K, reserved 1114112K
  class space    used 6341K, committed 6912K, reserved 1048576K
}
Event: 56.019 GC heap after
{Heap after GC invocations=34 (full 2):
 PSYoungGen      total 19968K, used 2040K [0x00000000d5580000, 0x00000000d7100000, 0x0000000100000000)
  eden space 17920K, 0% used [0x00000000d5580000,0x00000000d5580000,0x00000000d6700000)
  from space 2048K, 99% used [0x00000000d6b80000,0x00000000d6d7e208,0x00000000d6d80000)
  to   space 4608K, 0% used [0x00000000d6700000,0x00000000d6700000,0x00000000d6b80000)
 ParOldGen       total 68608K, used 52668K [0x0000000080000000, 0x0000000084300000, 0x00000000d5580000)
  object space 68608K, 76% used [0x0000000080000000,0x000000008336f170,0x0000000084300000)
 Metaspace       used 58518K, committed 59776K, reserved 1114112K
  class space    used 6341K, committed 6912K, reserved 1048576K
}
Event: 56.019 GC heap before
{Heap before GC invocations=35 (full 3):
 PSYoungGen      total 19968K, used 2040K [0x00000000d5580000, 0x00000000d7100000, 0x0000000100000000)
  eden space 17920K, 0% used [0x00000000d5580000,0x00000000d5580000,0x00000000d6700000)
  from space 2048K, 99% used [0x00000000d6b80000,0x00000000d6d7e208,0x00000000d6d80000)
  to   space 4608K, 0% used [0x00000000d6700000,0x00000000d6700000,0x00000000d6b80000)
 ParOldGen       total 68608K, used 52668K [0x0000000080000000, 0x0000000084300000, 0x00000000d5580000)
  object space 68608K, 76% used [0x0000000080000000,0x000000008336f170,0x0000000084300000)
 Metaspace       used 58518K, committed 59776K, reserved 1114112K
  class space    used 6341K, committed 6912K, reserved 1048576K
}
Event: 56.134 GC heap after
{Heap after GC invocations=35 (full 3):
 PSYoungGen      total 19968K, used 0K [0x00000000d5580000, 0x00000000d7100000, 0x0000000100000000)
  eden space 17920K, 0% used [0x00000000d5580000,0x00000000d5580000,0x00000000d6700000)
  from space 2048K, 0% used [0x00000000d6b80000,0x00000000d6b80000,0x00000000d6d80000)
  to   space 4608K, 0% used [0x00000000d6700000,0x00000000d6700000,0x00000000d6b80000)
 ParOldGen       total 68608K, used 35425K [0x0000000080000000, 0x0000000084300000, 0x00000000d5580000)
  object space 68608K, 51% used [0x0000000080000000,0x0000000082298440,0x0000000084300000)
 Metaspace       used 58518K, committed 59776K, reserved 1114112K
  class space    used 6341K, committed 6912K, reserved 1048576K
}
Event: 58.202 GC heap before
{Heap before GC invocations=36 (full 3):
 PSYoungGen      total 19968K, used 17920K [0x00000000d5580000, 0x00000000d7100000, 0x0000000100000000)
  eden space 17920K, 100% used [0x00000000d5580000,0x00000000d6700000,0x00000000d6700000)
  from space 2048K, 0% used [0x00000000d6b80000,0x00000000d6b80000,0x00000000d6d80000)
  to   space 4608K, 0% used [0x00000000d6700000,0x00000000d6700000,0x00000000d6b80000)
 ParOldGen       total 68608K, used 35425K [0x0000000080000000, 0x0000000084300000, 0x00000000d5580000)
  object space 68608K, 51% used [0x0000000080000000,0x0000000082298440,0x0000000084300000)
 Metaspace       used 59639K, committed 60992K, reserved 1114112K
  class space    used 6468K, committed 7040K, reserved 1048576K
}
Event: 58.205 GC heap after
{Heap after GC invocations=36 (full 3):
 PSYoungGen      total 19456K, used 1184K [0x00000000d5580000, 0x00000000d6c00000, 0x0000000100000000)
  eden space 17920K, 0% used [0x00000000d5580000,0x00000000d5580000,0x00000000d6700000)
  from space 1536K, 77% used [0x00000000d6700000,0x00000000d6828030,0x00000000d6880000)
  to   space 2560K, 0% used [0x00000000d6980000,0x00000000d6980000,0x00000000d6c00000)
 ParOldGen       total 68608K, used 35433K [0x0000000080000000, 0x0000000084300000, 0x00000000d5580000)
  object space 68608K, 51% used [0x0000000080000000,0x000000008229a440,0x0000000084300000)
 Metaspace       used 59639K, committed 60992K, reserved 1114112K
  class space    used 6468K, committed 7040K, reserved 1048576K
}
Event: 59.419 GC heap before
{Heap before GC invocations=37 (full 3):
 PSYoungGen      total 19456K, used 19104K [0x00000000d5580000, 0x00000000d6c00000, 0x0000000100000000)
  eden space 17920K, 100% used [0x00000000d5580000,0x00000000d6700000,0x00000000d6700000)
  from space 1536K, 77% used [0x00000000d6700000,0x00000000d6828030,0x00000000d6880000)
  to   space 2560K, 0% used [0x00000000d6980000,0x00000000d6980000,0x00000000d6c00000)
 ParOldGen       total 68608K, used 35433K [0x0000000080000000, 0x0000000084300000, 0x00000000d5580000)
  object space 68608K, 51% used [0x0000000080000000,0x000000008229a440,0x0000000084300000)
 Metaspace       used 60877K, committed 62208K, reserved 1114112K
  class space    used 6584K, committed 7168K, reserved 1048576K
}
Event: 59.423 GC heap after
{Heap after GC invocations=37 (full 3):
 PSYoungGen      total 16896K, used 2539K [0x00000000d5580000, 0x00000000d7300000, 0x0000000100000000)
  eden space 14336K, 0% used [0x00000000d5580000,0x00000000d5580000,0x00000000d6380000)
  from space 2560K, 99% used [0x00000000d6980000,0x00000000d6bfae18,0x00000000d6c00000)
  to   space 6144K, 0% used [0x00000000d6380000,0x00000000d6380000,0x00000000d6980000)
 ParOldGen       total 68608K, used 37855K [0x0000000080000000, 0x0000000084300000, 0x00000000d5580000)
  object space 68608K, 55% used [0x0000000080000000,0x00000000824f7c10,0x0000000084300000)
 Metaspace       used 60877K, committed 62208K, reserved 1114112K
  class space    used 6584K, committed 7168K, reserved 1048576K
}
Event: 59.813 GC heap before
{Heap before GC invocations=38 (full 3):
 PSYoungGen      total 16896K, used 16875K [0x00000000d5580000, 0x00000000d7300000, 0x0000000100000000)
  eden space 14336K, 100% used [0x00000000d5580000,0x00000000d6380000,0x00000000d6380000)
  from space 2560K, 99% used [0x00000000d6980000,0x00000000d6bfae18,0x00000000d6c00000)
  to   space 6144K, 0% used [0x00000000d6380000,0x00000000d6380000,0x00000000d6980000)
 ParOldGen       total 68608K, used 37855K [0x0000000080000000, 0x0000000084300000, 0x00000000d5580000)
  object space 68608K, 55% used [0x0000000080000000,0x00000000824f7c10,0x0000000084300000)
 Metaspace       used 60984K, committed 62272K, reserved 1114112K
  class space    used 6592K, committed 7168K, reserved 1048576K
}
Event: 59.816 GC heap after
{Heap after GC invocations=38 (full 3):
 PSYoungGen      total 14848K, used 512K [0x00000000d5580000, 0x00000000d6a00000, 0x0000000100000000)
  eden space 14336K, 0% used [0x00000000d5580000,0x00000000d5580000,0x00000000d6380000)
  from space 512K, 100% used [0x00000000d6380000,0x00000000d6400000,0x00000000d6400000)
  to   space 2560K, 0% used [0x00000000d6780000,0x00000000d6780000,0x00000000d6a00000)
 ParOldGen       total 68608K, used 38530K [0x0000000080000000, 0x0000000084300000, 0x00000000d5580000)
  object space 68608K, 56% used [0x0000000080000000,0x00000000825a0b00,0x0000000084300000)
 Metaspace       used 60984K, committed 62272K, reserved 1114112K
  class space    used 6592K, committed 7168K, reserved 1048576K
}

