# JRE version: OpenJDK Runtime Environment Temurin-21.0.11+10 (21.0.11+10) (build 21.0.11+10-LTS)
# Java VM: OpenJDK 64-Bit Server VM Temurin-21.0.11+10 (21.0.11+10-LTS, mixed mode, sharing, tiered, compressed oops, compressed class ptrs, parallel gc, windows-amd64)
GC Precious Log:
 CardTable entry size: 512
 CPUs: 12 total, 12 available
 Memory: 7877M
 Large Page Support: Disabled
 NUMA Support: Disabled
 Compressed Oops: Enabled (32-bit)
 Alignments: Space 512K, Generation 512K, Heap 2M
 Heap Min Capacity: 100M
 Heap Initial Capacity: 100M
 Heap Max Capacity: 2G
 Pre-touch: Disabled
 Parallel Workers: 10
Heap:
 PSYoungGen      total 20480K, used 18597K [0x00000000d5580000, 0x00000000d7000000, 0x0000000100000000)
  eden space 19968K, 90% used [0x00000000d5580000,0x00000000d6730838,0x00000000d6900000)
  from space 512K, 94% used [0x00000000d6f80000,0x00000000d6ff8df8,0x00000000d7000000)
  to   space 2560K, 0% used [0x00000000d6b00000,0x00000000d6b00000,0x00000000d6d80000)
 ParOldGen       total 68608K, used 58026K [0x0000000080000000, 0x0000000084300000, 0x00000000d5580000)
  object space 68608K, 84% used [0x0000000080000000,0x00000000838aa928,0x0000000084300000)
 Metaspace       used 60739K, committed 62208K, reserved 1114112K
  class space    used 6394K, committed 7040K, reserved 1048576K
GC Heap History (20 events):
Event: 89.381 GC heap before
{Heap before GC invocations=40 (full 3):
 PSYoungGen      total 22528K, used 22496K [0x00000000d5580000, 0x00000000d6f80000, 0x0000000100000000)
  eden space 19968K, 100% used [0x00000000d5580000,0x00000000d6900000,0x00000000d6900000)
  from space 2560K, 98% used [0x00000000d6c00000,0x00000000d6e78000,0x00000000d6e80000)
  to   space 3072K, 0% used [0x00000000d6900000,0x00000000d6900000,0x00000000d6c00000)
 ParOldGen       total 68608K, used 41815K [0x0000000080000000, 0x0000000084300000, 0x00000000d5580000)
  object space 68608K, 60% used [0x0000000080000000,0x00000000828d5c68,0x0000000084300000)
 Metaspace       used 58688K, committed 60032K, reserved 1114112K
  class space    used 6182K, committed 6784K, reserved 1048576K
}
Event: 89.385 GC heap after
{Heap after GC invocations=40 (full 3):
 PSYoungGen      total 22016K, used 1616K [0x00000000d5580000, 0x00000000d6d00000, 0x0000000100000000)
  eden space 19968K, 0% used [0x00000000d5580000,0x00000000d5580000,0x00000000d6900000)
  from space 2048K, 78% used [0x00000000d6900000,0x00000000d6a94010,0x00000000d6b00000)
  to   space 2048K, 0% used [0x00000000d6b00000,0x00000000d6b00000,0x00000000d6d00000)
 ParOldGen       total 68608K, used 44127K [0x0000000080000000, 0x0000000084300000, 0x00000000d5580000)
  object space 68608K, 64% used [0x0000000080000000,0x0000000082b17f38,0x0000000084300000)
 Metaspace       used 58688K, committed 60032K, reserved 1114112K
  class space    used 6182K, committed 6784K, reserved 1048576K
}
Event: 90.533 GC heap before
{Heap before GC invocations=41 (full 3):
 PSYoungGen      total 22016K, used 21584K [0x00000000d5580000, 0x00000000d6d00000, 0x0000000100000000)
  eden space 19968K, 100% used [0x00000000d5580000,0x00000000d6900000,0x00000000d6900000)
  from space 2048K, 78% used [0x00000000d6900000,0x00000000d6a94010,0x00000000d6b00000)
  to   space 2048K, 0% used [0x00000000d6b00000,0x00000000d6b00000,0x00000000d6d00000)
 ParOldGen       total 68608K, used 44127K [0x0000000080000000, 0x0000000084300000, 0x00000000d5580000)
  object space 68608K, 64% used [0x0000000080000000,0x0000000082b17f38,0x0000000084300000)
 Metaspace       used 59217K, committed 60544K, reserved 1114112K
  class space    used 6255K, committed 6848K, reserved 1048576K
}
Event: 90.538 GC heap after
{Heap after GC invocations=41 (full 3):
 PSYoungGen      total 22016K, used 1680K [0x00000000d5580000, 0x00000000d6d00000, 0x0000000100000000)
  eden space 19968K, 0% used [0x00000000d5580000,0x00000000d5580000,0x00000000d6900000)
  from space 2048K, 82% used [0x00000000d6b00000,0x00000000d6ca4010,0x00000000d6d00000)
  to   space 2048K, 0% used [0x00000000d6900000,0x00000000d6900000,0x00000000d6b00000)
 ParOldGen       total 68608K, used 45535K [0x0000000080000000, 0x0000000084300000, 0x00000000d5580000)
  object space 68608K, 66% used [0x0000000080000000,0x0000000082c77d28,0x0000000084300000)
 Metaspace       used 59217K, committed 60544K, reserved 1114112K
  class space    used 6255K, committed 6848K, reserved 1048576K
}
Event: 91.891 GC heap before
{Heap before GC invocations=42 (full 3):
 PSYoungGen      total 22016K, used 21648K [0x00000000d5580000, 0x00000000d6d00000, 0x0000000100000000)
  eden space 19968K, 100% used [0x00000000d5580000,0x00000000d6900000,0x00000000d6900000)
  from space 2048K, 82% used [0x00000000d6b00000,0x00000000d6ca4010,0x00000000d6d00000)
  to   space 2048K, 0% used [0x00000000d6900000,0x00000000d6900000,0x00000000d6b00000)
 ParOldGen       total 68608K, used 45535K [0x0000000080000000, 0x0000000084300000, 0x00000000d5580000)
  object space 68608K, 66% used [0x0000000080000000,0x0000000082c77d28,0x0000000084300000)
 Metaspace       used 59855K, committed 61184K, reserved 1114112K
  class space    used 6315K, committed 6912K, reserved 1048576K
}
Event: 91.894 GC heap after
{Heap after GC invocations=42 (full 3):
 PSYoungGen      total 22016K, used 2037K [0x00000000d5580000, 0x00000000d7100000, 0x0000000100000000)
  eden space 19968K, 0% used [0x00000000d5580000,0x00000000d5580000,0x00000000d6900000)
  from space 2048K, 99% used [0x00000000d6900000,0x00000000d6afd4a8,0x00000000d6b00000)
  to   space 4096K, 0% used [0x00000000d6d00000,0x00000000d6d00000,0x00000000d7100000)
 ParOldGen       total 68608K, used 46887K [0x0000000080000000, 0x0000000084300000, 0x00000000d5580000)
  object space 68608K, 68% used [0x0000000080000000,0x0000000082dc9d28,0x0000000084300000)
 Metaspace       used 59855K, committed 61184K, reserved 1114112K
  class space    used 6315K, committed 6912K, reserved 1048576K
}
Event: 92.177 GC heap before
{Heap before GC invocations=43 (full 3):
 PSYoungGen      total 22016K, used 22005K [0x00000000d5580000, 0x00000000d7100000, 0x0000000100000000)
  eden space 19968K, 100% used [0x00000000d5580000,0x00000000d6900000,0x00000000d6900000)
  from space 2048K, 99% used [0x00000000d6900000,0x00000000d6afd4a8,0x00000000d6b00000)
  to   space 4096K, 0% used [0x00000000d6d00000,0x00000000d6d00000,0x00000000d7100000)
 ParOldGen       total 68608K, used 46887K [0x0000000080000000, 0x0000000084300000, 0x00000000d5580000)
  object space 68608K, 68% used [0x0000000080000000,0x0000000082dc9d28,0x0000000084300000)
 Metaspace       used 59867K, committed 61184K, reserved 1114112K
  class space    used 6315K, committed 6912K, reserved 1048576K
}
Event: 92.181 GC heap after
{Heap after GC invocations=43 (full 3):
 PSYoungGen      total 23040K, used 2592K [0x00000000d5580000, 0x00000000d7000000, 0x0000000100000000)
  eden space 19968K, 0% used [0x00000000d5580000,0x00000000d5580000,0x00000000d6900000)
  from space 3072K, 84% used [0x00000000d6d00000,0x00000000d6f88000,0x00000000d7000000)
  to   space 3072K, 0% used [0x00000000d6a00000,0x00000000d6a00000,0x00000000d6d00000)
 ParOldGen       total 68608K, used 48860K [0x0000000080000000, 0x0000000084300000, 0x00000000d5580000)
  object space 68608K, 71% used [0x0000000080000000,0x0000000082fb7328,0x0000000084300000)
 Metaspace       used 59867K, committed 61184K, reserved 1114112K
  class space    used 6315K, committed 6912K, reserved 1048576K
}
Event: 92.340 GC heap before
{Heap before GC invocations=44 (full 3):
 PSYoungGen      total 23040K, used 22560K [0x00000000d5580000, 0x00000000d7000000, 0x0000000100000000)
  eden space 19968K, 100% used [0x00000000d5580000,0x00000000d6900000,0x00000000d6900000)
  from space 3072K, 84% used [0x00000000d6d00000,0x00000000d6f88000,0x00000000d7000000)
  to   space 3072K, 0% used [0x00000000d6a00000,0x00000000d6a00000,0x00000000d6d00000)
 ParOldGen       total 68608K, used 48860K [0x0000000080000000, 0x0000000084300000, 0x00000000d5580000)
  object space 68608K, 71% used [0x0000000080000000,0x0000000082fb7328,0x0000000084300000)
 Metaspace       used 59887K, committed 61248K, reserved 1114112K
  class space    used 6315K, committed 6912K, reserved 1048576K
}
Event: 92.343 GC heap after
{Heap after GC invocations=44 (full 3):
 PSYoungGen      total 21504K, used 1376K [0x00000000d5580000, 0x00000000d6d80000, 0x0000000100000000)
  eden space 19968K, 0% used [0x00000000d5580000,0x00000000d5580000,0x00000000d6900000)
  from space 1536K, 89% used [0x00000000d6a00000,0x00000000d6b58000,0x00000000d6b80000)
  to   space 2048K, 0% used [0x00000000d6b80000,0x00000000d6b80000,0x00000000d6d80000)
 ParOldGen       total 68608K, used 50728K [0x0000000080000000, 0x0000000084300000, 0x00000000d5580000)
  object space 68608K, 73% used [0x0000000080000000,0x000000008318a338,0x0000000084300000)
 Metaspace       used 59887K, committed 61248K, reserved 1114112K
  class space    used 6315K, committed 6912K, reserved 1048576K
}
Event: 92.428 GC heap before
{Heap before GC invocations=45 (full 3):
 PSYoungGen      total 21504K, used 21341K [0x00000000d5580000, 0x00000000d6d80000, 0x0000000100000000)
  eden space 19968K, 99% used [0x00000000d5580000,0x00000000d68ff580,0x00000000d6900000)
  from space 1536K, 89% used [0x00000000d6a00000,0x00000000d6b58000,0x00000000d6b80000)
  to   space 2048K, 0% used [0x00000000d6b80000,0x00000000d6b80000,0x00000000d6d80000)
 ParOldGen       total 68608K, used 50728K [0x0000000080000000, 0x0000000084300000, 0x00000000d5580000)
  object space 68608K, 73% used [0x0000000080000000,0x000000008318a338,0x0000000084300000)
 Metaspace       used 59926K, committed 61312K, reserved 1114112K
  class space    used 6315K, committed 6912K, reserved 1048576K
}
Event: 92.430 GC heap after
{Heap after GC invocations=45 (full 3):
 PSYoungGen      total 21504K, used 1280K [0x00000000d5580000, 0x00000000d6d00000, 0x0000000100000000)
  eden space 19968K, 0% used [0x00000000d5580000,0x00000000d5580000,0x00000000d6900000)
  from space 1536K, 83% used [0x00000000d6b80000,0x00000000d6cc0000,0x00000000d6d00000)
  to   space 1536K, 0% used [0x00000000d6a00000,0x00000000d6a00000,0x00000000d6b80000)
 ParOldGen       total 68608K, used 51850K [0x0000000080000000, 0x0000000084300000, 0x00000000d5580000)
  object space 68608K, 75% used [0x0000000080000000,0x00000000832a2818,0x0000000084300000)
 Metaspace       used 59926K, committed 61312K, reserved 1114112K
  class space    used 6315K, committed 6912K, reserved 1048576K
}
Event: 92.632 GC heap before
{Heap before GC invocations=46 (full 3):
 PSYoungGen      total 21504K, used 21248K [0x00000000d5580000, 0x00000000d6d00000, 0x0000000100000000)
  eden space 19968K, 100% used [0x00000000d5580000,0x00000000d6900000,0x00000000d6900000)
  from space 1536K, 83% used [0x00000000d6b80000,0x00000000d6cc0000,0x00000000d6d00000)
  to   space 1536K, 0% used [0x00000000d6a00000,0x00000000d6a00000,0x00000000d6b80000)
 ParOldGen       total 68608K, used 51850K [0x0000000080000000, 0x0000000084300000, 0x00000000d5580000)
  object space 68608K, 75% used [0x0000000080000000,0x00000000832a2818,0x0000000084300000)
 Metaspace       used 59979K, committed 61376K, reserved 1114112K
  class space    used 6315K, committed 6912K, reserved 1048576K
}
Event: 92.638 GC heap after
{Heap after GC invocations=46 (full 3):
 PSYoungGen      total 21504K, used 1536K [0x00000000d5580000, 0x00000000d6f00000, 0x0000000100000000)
  eden space 19968K, 0% used [0x00000000d5580000,0x00000000d5580000,0x00000000d6900000)
  from space 1536K, 100% used [0x00000000d6a00000,0x00000000d6b80000,0x00000000d6b80000)
  to   space 3072K, 0% used [0x00000000d6c00000,0x00000000d6c00000,0x00000000d6f00000)
 ParOldGen       total 68608K, used 52802K [0x0000000080000000, 0x0000000084300000, 0x00000000d5580000)
  object space 68608K, 76% used [0x0000000080000000,0x0000000083390818,0x0000000084300000)
 Metaspace       used 59979K, committed 61376K, reserved 1114112K
  class space    used 6315K, committed 6912K, reserved 1048576K
}
Event: 92.762 GC heap before
{Heap before GC invocations=47 (full 3):
 PSYoungGen      total 21504K, used 21504K [0x00000000d5580000, 0x00000000d6f00000, 0x0000000100000000)
  eden space 19968K, 100% used [0x00000000d5580000,0x00000000d6900000,0x00000000d6900000)
  from space 1536K, 100% used [0x00000000d6a00000,0x00000000d6b80000,0x00000000d6b80000)
  to   space 3072K, 0% used [0x00000000d6c00000,0x00000000d6c00000,0x00000000d6f00000)
 ParOldGen       total 68608K, used 52802K [0x0000000080000000, 0x0000000084300000, 0x00000000d5580000)
  object space 68608K, 76% used [0x0000000080000000,0x0000000083390818,0x0000000084300000)
 Metaspace       used 59994K, committed 61376K, reserved 1114112K
  class space    used 6315K, committed 6912K, reserved 1048576K
}
Event: 92.765 GC heap after
{Heap after GC invocations=47 (full 3):
 PSYoungGen      total 22016K, used 1600K [0x00000000d5580000, 0x00000000d6e00000, 0x0000000100000000)
  eden space 19968K, 0% used [0x00000000d5580000,0x00000000d5580000,0x00000000d6900000)
  from space 2048K, 78% used [0x00000000d6c00000,0x00000000d6d90000,0x00000000d6e00000)
  to   space 2048K, 0% used [0x00000000d6a00000,0x00000000d6a00000,0x00000000d6c00000)
 ParOldGen       total 68608K, used 53754K [0x0000000080000000, 0x0000000084300000, 0x00000000d5580000)
  object space 68608K, 78% used [0x0000000080000000,0x000000008347e818,0x0000000084300000)
 Metaspace       used 59994K, committed 61376K, reserved 1114112K
  class space    used 6315K, committed 6912K, reserved 1048576K
}
Event: 93.708 GC heap before
{Heap before GC invocations=48 (full 3):
 PSYoungGen      total 22016K, used 21298K [0x00000000d5580000, 0x00000000d6e00000, 0x0000000100000000)
  eden space 19968K, 98% used [0x00000000d5580000,0x00000000d68bc838,0x00000000d6900000)
  from space 2048K, 78% used [0x00000000d6c00000,0x00000000d6d90000,0x00000000d6e00000)
  to   space 2048K, 0% used [0x00000000d6a00000,0x00000000d6a00000,0x00000000d6c00000)
 ParOldGen       total 68608K, used 53754K [0x0000000080000000, 0x0000000084300000, 0x00000000d5580000)
  object space 68608K, 78% used [0x0000000080000000,0x000000008347e818,0x0000000084300000)
 Metaspace       used 60130K, committed 61504K, reserved 1114112K
  class space    used 6332K, committed 6976K, reserved 1048576K
}
Event: 93.714 GC heap after
{Heap after GC invocations=48 (full 3):
 PSYoungGen      total 22016K, used 2036K [0x00000000d5580000, 0x00000000d7600000, 0x0000000100000000)
  eden space 19968K, 0% used [0x00000000d5580000,0x00000000d5580000,0x00000000d6900000)
  from space 2048K, 99% used [0x00000000d6a00000,0x00000000d6bfd398,0x00000000d6c00000)
  to   space 6656K, 0% used [0x00000000d6f80000,0x00000000d6f80000,0x00000000d7600000)
 ParOldGen       total 68608K, used 57522K [0x0000000080000000, 0x0000000084300000, 0x00000000d5580000)
  object space 68608K, 83% used [0x0000000080000000,0x000000008382c928,0x0000000084300000)
 Metaspace       used 60130K, committed 61504K, reserved 1114112K
  class space    used 6332K, committed 6976K, reserved 1048576K
}
Event: 100.130 GC heap before
{Heap before GC invocations=49 (full 3):
 PSYoungGen      total 22016K, used 22004K [0x00000000d5580000, 0x00000000d7600000, 0x0000000100000000)
  eden space 19968K, 100% used [0x00000000d5580000,0x00000000d6900000,0x00000000d6900000)
  from space 2048K, 99% used [0x00000000d6a00000,0x00000000d6bfd398,0x00000000d6c00000)
  to   space 6656K, 0% used [0x00000000d6f80000,0x00000000d6f80000,0x00000000d7600000)
 ParOldGen       total 68608K, used 57522K [0x0000000080000000, 0x0000000084300000, 0x00000000d5580000)
  object space 68608K, 83% used [0x0000000080000000,0x000000008382c928,0x0000000084300000)
 Metaspace       used 60236K, committed 61696K, reserved 1114112K
  class space    used 6337K, committed 6976K, reserved 1048576K
}
Event: 100.132 GC heap after
{Heap after GC invocations=49 (full 3):
 PSYoungGen      total 20480K, used 483K [0x00000000d5580000, 0x00000000d7000000, 0x0000000100000000)
  eden space 19968K, 0% used [0x00000000d5580000,0x00000000d5580000,0x00000000d6900000)
  from space 512K, 94% used [0x00000000d6f80000,0x00000000d6ff8df8,0x00000000d7000000)
  to   space 2560K, 0% used [0x00000000d6b00000,0x00000000d6b00000,0x00000000d6d80000)
 ParOldGen       total 68608K, used 58026K [0x0000000080000000, 0x0000000084300000, 0x00000000d5580000)
  object space 68608K, 84% used [0x0000000080000000,0x00000000838aa928,0x0000000084300000)
 Metaspace       used 60236K, committed 61696K, reserved 1114112K
  class space    used 6337K, committed 6976K, reserved 1048576K
}

